<testsuites id="" name="" tests="5" failures="0" skipped="0" errors="0" time="8.433119999999999">
<testsuite name="critical-tests.spec.ts" timestamp="2025-10-15T07:15:04.508Z" hostname="chromium" tests="5" failures="0" skipped="0" time="1.792" errors="0">
<testcase name="Critical Issues Verification › Check quantity badges visibility" classname="critical-tests.spec.ts" time="0.483">
<system-out>
<![CDATA[Login required - skipping visual test
]]>
</system-out>
</testcase>
<testcase name="Critical Issues Verification › Check attachment rendering" classname="critical-tests.spec.ts" time="0.341">
<system-out>
<![CDATA[Login required - skipping attachment test
]]>
</system-out>
</testcase>
<testcase name="Critical Issues Verification › Check case cards layout" classname="critical-tests.spec.ts" time="0.312">
<system-out>
<![CDATA[Login required - skipping case cards test
]]>
</system-out>
</testcase>
<testcase name="Critical Issues Verification › Check page responsiveness" classname="critical-tests.spec.ts" time="0.361">
</testcase>
<testcase name="Critical Issues Verification › Check email notification functionality mock" classname="critical-tests.spec.ts" time="0.295">
<system-out>
<![CDATA[Login required - skipping email notification test
]]>
</system-out>
</testcase>
</testsuite>
</testsuites>