<testsuites id="" name="" tests="1" failures="1" skipped="0" errors="0" time="42.148108">
<testsuite name="comprehensive-migration-test.spec.ts" timestamp="2025-10-15T06:57:06.553Z" hostname="chromium" tests="1" failures="1" skipped="0" time="29.079" errors="0">
<testcase name="ðŸŒ Complete Application Migration Testing - All 7 Countries â€º ðŸ” Database Migration - Authentication System Verification" classname="comprehensive-migration-test.spec.ts" time="29.079">
<failure message="comprehensive-migration-test.spec.ts:33:7 ðŸ” Database Migration - Authentication System Verification" type="FAILURE">
<![CDATA[  [chromium] â€º comprehensive-migration-test.spec.ts:33:7 â€º ðŸŒ Complete Application Migration Testing - All 7 Countries â€º ðŸ” Database Migration - Authentication System Verification 

    TimeoutError: locator.scrollIntoViewIfNeeded: Timeout 9972.335999999998ms exceeded.
    Call log:
      - attempting scroll into view action
        2 Ã— waiting for element to be stable
          - element is not visible
        - retrying scroll into view action
        - waiting 20ms
        2 Ã— waiting for element to be stable
          - element is not visible
        - retrying scroll into view action
          - waiting 100ms
        19 Ã— waiting for element to be stable
           - element is not visible
         - retrying scroll into view action
           - waiting 500ms


      41 |     if (await usernameField.count() > 0) {
      42 |       // Try to scroll to the element
    > 43 |       await usernameField.scrollIntoViewIfNeeded();
         |                           ^
      44 |       await page.waitForTimeout(1000);
      45 |     }
      46 |     
        at /mnt/c/Users/anrong.low/TM-Case-Booking/e2e/tests/comprehensive-migration-test.spec.ts:43:27

    attachment #1: screenshot (image/png) â”€â”€â”€â”€â”€â”€â”€â”€â”€â”€â”€â”€â”€â”€â”€â”€â”€â”€â”€â”€â”€â”€â”€â”€â”€â”€â”€â”€â”€â”€â”€â”€â”€â”€â”€â”€â”€â”€â”€â”€â”€â”€â”€â”€â”€â”€â”€â”€â”€â”€â”€â”€â”€â”€â”€â”€â”€â”€
    ../../test-results/comprehensive-migration-te-fec1c-ication-System-Verification-chromium/test-failed-1.png
    â”€â”€â”€â”€â”€â”€â”€â”€â”€â”€â”€â”€â”€â”€â”€â”€â”€â”€â”€â”€â”€â”€â”€â”€â”€â”€â”€â”€â”€â”€â”€â”€â”€â”€â”€â”€â”€â”€â”€â”€â”€â”€â”€â”€â”€â”€â”€â”€â”€â”€â”€â”€â”€â”€â”€â”€â”€â”€â”€â”€â”€â”€â”€â”€â”€â”€â”€â”€â”€â”€â”€â”€â”€â”€â”€â”€â”€â”€â”€â”€â”€â”€â”€â”€â”€â”€â”€â”€â”€â”€â”€â”€â”€â”€â”€â”€

    attachment #2: video (video/webm) â”€â”€â”€â”€â”€â”€â”€â”€â”€â”€â”€â”€â”€â”€â”€â”€â”€â”€â”€â”€â”€â”€â”€â”€â”€â”€â”€â”€â”€â”€â”€â”€â”€â”€â”€â”€â”€â”€â”€â”€â”€â”€â”€â”€â”€â”€â”€â”€â”€â”€â”€â”€â”€â”€â”€â”€â”€â”€â”€â”€â”€â”€
    ../../test-results/comprehensive-migration-te-fec1c-ication-System-Verification-chromium/video.webm
    â”€â”€â”€â”€â”€â”€â”€â”€â”€â”€â”€â”€â”€â”€â”€â”€â”€â”€â”€â”€â”€â”€â”€â”€â”€â”€â”€â”€â”€â”€â”€â”€â”€â”€â”€â”€â”€â”€â”€â”€â”€â”€â”€â”€â”€â”€â”€â”€â”€â”€â”€â”€â”€â”€â”€â”€â”€â”€â”€â”€â”€â”€â”€â”€â”€â”€â”€â”€â”€â”€â”€â”€â”€â”€â”€â”€â”€â”€â”€â”€â”€â”€â”€â”€â”€â”€â”€â”€â”€â”€â”€â”€â”€â”€â”€â”€

    Error Context: ../../test-results/comprehensive-migration-te-fec1c-ication-System-Verification-chromium/error-context.md

    Retry #1 â”€â”€â”€â”€â”€â”€â”€â”€â”€â”€â”€â”€â”€â”€â”€â”€â”€â”€â”€â”€â”€â”€â”€â”€â”€â”€â”€â”€â”€â”€â”€â”€â”€â”€â”€â”€â”€â”€â”€â”€â”€â”€â”€â”€â”€â”€â”€â”€â”€â”€â”€â”€â”€â”€â”€â”€â”€â”€â”€â”€â”€â”€â”€â”€â”€â”€â”€â”€â”€â”€â”€â”€â”€â”€â”€â”€â”€â”€â”€â”€â”€â”€â”€â”€â”€â”€â”€

    TimeoutError: locator.scrollIntoViewIfNeeded: Timeout 9984.518000000004ms exceeded.
    Call log:
      - attempting scroll into view action
        2 Ã— waiting for element to be stable
          - element is not visible
        - retrying scroll into view action
        - waiting 20ms
        2 Ã— waiting for element to be stable
          - element is not visible
        - retrying scroll into view action
          - waiting 100ms
        19 Ã— waiting for element to be stable
           - element is not visible
         - retrying scroll into view action
           - waiting 500ms


      41 |     if (await usernameField.count() > 0) {
      42 |       // Try to scroll to the element
    > 43 |       await usernameField.scrollIntoViewIfNeeded();
         |                           ^
      44 |       await page.waitForTimeout(1000);
      45 |     }
      46 |     
        at /mnt/c/Users/anrong.low/TM-Case-Booking/e2e/tests/comprehensive-migration-test.spec.ts:43:27

    attachment #1: screenshot (image/png) â”€â”€â”€â”€â”€â”€â”€â”€â”€â”€â”€â”€â”€â”€â”€â”€â”€â”€â”€â”€â”€â”€â”€â”€â”€â”€â”€â”€â”€â”€â”€â”€â”€â”€â”€â”€â”€â”€â”€â”€â”€â”€â”€â”€â”€â”€â”€â”€â”€â”€â”€â”€â”€â”€â”€â”€â”€â”€
    ../../test-results/comprehensive-migration-te-fec1c-ication-System-Verification-chromium-retry1/test-failed-1.png
    â”€â”€â”€â”€â”€â”€â”€â”€â”€â”€â”€â”€â”€â”€â”€â”€â”€â”€â”€â”€â”€â”€â”€â”€â”€â”€â”€â”€â”€â”€â”€â”€â”€â”€â”€â”€â”€â”€â”€â”€â”€â”€â”€â”€â”€â”€â”€â”€â”€â”€â”€â”€â”€â”€â”€â”€â”€â”€â”€â”€â”€â”€â”€â”€â”€â”€â”€â”€â”€â”€â”€â”€â”€â”€â”€â”€â”€â”€â”€â”€â”€â”€â”€â”€â”€â”€â”€â”€â”€â”€â”€â”€â”€â”€â”€â”€

    attachment #2: video (video/webm) â”€â”€â”€â”€â”€â”€â”€â”€â”€â”€â”€â”€â”€â”€â”€â”€â”€â”€â”€â”€â”€â”€â”€â”€â”€â”€â”€â”€â”€â”€â”€â”€â”€â”€â”€â”€â”€â”€â”€â”€â”€â”€â”€â”€â”€â”€â”€â”€â”€â”€â”€â”€â”€â”€â”€â”€â”€â”€â”€â”€â”€â”€
    ../../test-results/comprehensive-migration-te-fec1c-ication-System-Verification-chromium-retry1/video.webm
    â”€â”€â”€â”€â”€â”€â”€â”€â”€â”€â”€â”€â”€â”€â”€â”€â”€â”€â”€â”€â”€â”€â”€â”€â”€â”€â”€â”€â”€â”€â”€â”€â”€â”€â”€â”€â”€â”€â”€â”€â”€â”€â”€â”€â”€â”€â”€â”€â”€â”€â”€â”€â”€â”€â”€â”€â”€â”€â”€â”€â”€â”€â”€â”€â”€â”€â”€â”€â”€â”€â”€â”€â”€â”€â”€â”€â”€â”€â”€â”€â”€â”€â”€â”€â”€â”€â”€â”€â”€â”€â”€â”€â”€â”€â”€â”€

    Error Context: ../../test-results/comprehensive-migration-te-fec1c-ication-System-Verification-chromium-retry1/error-context.md

    attachment #4: trace (application/zip) â”€â”€â”€â”€â”€â”€â”€â”€â”€â”€â”€â”€â”€â”€â”€â”€â”€â”€â”€â”€â”€â”€â”€â”€â”€â”€â”€â”€â”€â”€â”€â”€â”€â”€â”€â”€â”€â”€â”€â”€â”€â”€â”€â”€â”€â”€â”€â”€â”€â”€â”€â”€â”€â”€â”€â”€â”€
    ../../test-results/comprehensive-migration-te-fec1c-ication-System-Verification-chromium-retry1/trace.zip
    Usage:

        npx playwright show-trace ../../test-results/comprehensive-migration-te-fec1c-ication-System-Verification-chromium-retry1/trace.zip

    â”€â”€â”€â”€â”€â”€â”€â”€â”€â”€â”€â”€â”€â”€â”€â”€â”€â”€â”€â”€â”€â”€â”€â”€â”€â”€â”€â”€â”€â”€â”€â”€â”€â”€â”€â”€â”€â”€â”€â”€â”€â”€â”€â”€â”€â”€â”€â”€â”€â”€â”€â”€â”€â”€â”€â”€â”€â”€â”€â”€â”€â”€â”€â”€â”€â”€â”€â”€â”€â”€â”€â”€â”€â”€â”€â”€â”€â”€â”€â”€â”€â”€â”€â”€â”€â”€â”€â”€â”€â”€â”€â”€â”€â”€â”€â”€
]]>
</failure>
<system-out>
<![CDATA[Testing authentication with migrated user data...

[[ATTACHMENT|comprehensive-migration-te-fec1c-ication-System-Verification-chromium/test-failed-1.png]]

[[ATTACHMENT|comprehensive-migration-te-fec1c-ication-System-Verification-chromium/video.webm]]

[[ATTACHMENT|comprehensive-migration-te-fec1c-ication-System-Verification-chromium/error-context.md]]
Testing authentication with migrated user data...

[[ATTACHMENT|comprehensive-migration-te-fec1c-ication-System-Verification-chromium-retry1/test-failed-1.png]]

[[ATTACHMENT|comprehensive-migration-te-fec1c-ication-System-Verification-chromium-retry1/video.webm]]

[[ATTACHMENT|comprehensive-migration-te-fec1c-ication-System-Verification-chromium-retry1/error-context.md]]

[[ATTACHMENT|comprehensive-migration-te-fec1c-ication-System-Verification-chromium-retry1/trace.zip]]
]]>
</system-out>
</testcase>
</testsuite>
</testsuites>